2024-06-18 09:41:33.668 | WARNING  | __main__:<module>:86 - device.type:cuda
2024-06-18 09:41:33.668 | WARNING  | __main__:<module>:87 - batch_size:64
2024-06-18 09:41:33.668 | WARNING  | __main__:<module>:88 - epoch_num:50
2024-06-18 09:41:34.620 | INFO     | __main__:<module>:110 - trainset size:20000
2024-06-18 09:41:34.620 | INFO     | __main__:<module>:111 - testset size:10000
2024-06-18 09:41:46.061 | INFO     | __main__:train:73 - epoch 1[batch i:50][batch size:64][loss:1.15]
2024-06-18 09:41:46.753 | INFO     | __main__:train:73 - epoch 1[batch i:100][batch size:64][loss:1.15]
2024-06-18 09:41:47.479 | INFO     | __main__:train:73 - epoch 1[batch i:150][batch size:64][loss:1.11]
2024-06-18 09:41:48.115 | INFO     | __main__:train:73 - epoch 1[batch i:200][batch size:64][loss:1.06]
2024-06-18 09:41:48.772 | INFO     | __main__:train:73 - epoch 1[batch i:250][batch size:64][loss:1.02]
2024-06-18 09:41:49.398 | INFO     | __main__:train:73 - epoch 1[batch i:300][batch size:64][loss:0.99]
2024-06-18 09:41:49.806 | INFO     | __main__:train:77 - epoch 1 time:14.96s
2024-06-18 09:41:54.692 | WARNING  | __main__:evaluate:56 - [eval]Accuracy of the network on the 10000 test images: 26.19%
2024-06-18 09:42:00.133 | INFO     | __main__:train:73 - epoch 2[batch i:50][batch size:64][loss:0.94]
2024-06-18 09:42:00.870 | INFO     | __main__:train:73 - epoch 2[batch i:100][batch size:64][loss:0.90]
2024-06-18 09:42:01.490 | INFO     | __main__:train:73 - epoch 2[batch i:150][batch size:64][loss:0.87]
2024-06-18 09:42:02.154 | INFO     | __main__:train:73 - epoch 2[batch i:200][batch size:64][loss:0.85]
2024-06-18 09:42:02.715 | INFO     | __main__:train:73 - epoch 2[batch i:250][batch size:64][loss:0.84]
2024-06-18 09:42:03.245 | INFO     | __main__:train:73 - epoch 2[batch i:300][batch size:64][loss:0.82]
2024-06-18 09:42:03.663 | INFO     | __main__:train:77 - epoch 2 time:8.97s
2024-06-18 09:42:08.240 | WARNING  | __main__:evaluate:56 - [eval]Accuracy of the network on the 10000 test images: 42.82%
2024-06-18 09:42:13.166 | INFO     | __main__:train:73 - epoch 3[batch i:50][batch size:64][loss:0.81]
2024-06-18 09:42:13.738 | INFO     | __main__:train:73 - epoch 3[batch i:100][batch size:64][loss:0.76]
2024-06-18 09:42:14.380 | INFO     | __main__:train:73 - epoch 3[batch i:150][batch size:64][loss:0.75]
2024-06-18 09:42:15.046 | INFO     | __main__:train:73 - epoch 3[batch i:200][batch size:64][loss:0.72]
2024-06-18 09:42:15.576 | INFO     | __main__:train:73 - epoch 3[batch i:250][batch size:64][loss:0.73]
2024-06-18 09:42:16.207 | INFO     | __main__:train:73 - epoch 3[batch i:300][batch size:64][loss:0.70]
2024-06-18 09:42:16.649 | INFO     | __main__:train:77 - epoch 3 time:8.41s
2024-06-18 09:42:21.240 | WARNING  | __main__:evaluate:56 - [eval]Accuracy of the network on the 10000 test images: 51.41%
2024-06-18 09:42:26.024 | INFO     | __main__:train:73 - epoch 4[batch i:50][batch size:64][loss:0.65]
2024-06-18 09:42:26.581 | INFO     | __main__:train:73 - epoch 4[batch i:100][batch size:64][loss:0.68]
2024-06-18 09:42:27.108 | INFO     | __main__:train:73 - epoch 4[batch i:150][batch size:64][loss:0.67]
2024-06-18 09:42:27.705 | INFO     | __main__:train:73 - epoch 4[batch i:200][batch size:64][loss:0.65]
2024-06-18 09:42:28.227 | INFO     | __main__:train:73 - epoch 4[batch i:250][batch size:64][loss:0.63]
2024-06-18 09:42:28.796 | INFO     | __main__:train:73 - epoch 4[batch i:300][batch size:64][loss:0.62]
2024-06-18 09:42:29.177 | INFO     | __main__:train:77 - epoch 4 time:7.94s
2024-06-18 09:42:33.849 | WARNING  | __main__:evaluate:56 - [eval]Accuracy of the network on the 10000 test images: 54.16%
2024-06-18 09:42:39.155 | INFO     | __main__:train:73 - epoch 5[batch i:50][batch size:64][loss:0.60]
2024-06-18 09:42:39.691 | INFO     | __main__:train:73 - epoch 5[batch i:100][batch size:64][loss:0.58]
2024-06-18 09:42:40.236 | INFO     | __main__:train:73 - epoch 5[batch i:150][batch size:64][loss:0.57]
2024-06-18 09:42:40.813 | INFO     | __main__:train:73 - epoch 5[batch i:200][batch size:64][loss:0.57]
2024-06-18 09:42:41.347 | INFO     | __main__:train:73 - epoch 5[batch i:250][batch size:64][loss:0.54]
2024-06-18 09:42:41.894 | INFO     | __main__:train:73 - epoch 5[batch i:300][batch size:64][loss:0.55]
2024-06-18 09:42:42.338 | INFO     | __main__:train:77 - epoch 5 time:8.49s
2024-06-18 09:42:47.004 | WARNING  | __main__:evaluate:56 - [eval]Accuracy of the network on the 10000 test images: 62.74%
2024-06-18 09:42:52.282 | INFO     | __main__:train:73 - epoch 6[batch i:50][batch size:64][loss:0.51]
2024-06-18 09:42:52.856 | INFO     | __main__:train:73 - epoch 6[batch i:100][batch size:64][loss:0.50]
2024-06-18 09:42:53.425 | INFO     | __main__:train:73 - epoch 6[batch i:150][batch size:64][loss:0.49]
2024-06-18 09:42:53.960 | INFO     | __main__:train:73 - epoch 6[batch i:200][batch size:64][loss:0.50]
2024-06-18 09:42:54.505 | INFO     | __main__:train:73 - epoch 6[batch i:250][batch size:64][loss:0.48]
2024-06-18 09:42:55.072 | INFO     | __main__:train:73 - epoch 6[batch i:300][batch size:64][loss:0.50]
2024-06-18 09:42:55.515 | INFO     | __main__:train:77 - epoch 6 time:8.51s
2024-06-18 09:43:00.611 | WARNING  | __main__:evaluate:56 - [eval]Accuracy of the network on the 10000 test images: 64.39%
2024-06-18 09:43:05.667 | INFO     | __main__:train:73 - epoch 7[batch i:50][batch size:64][loss:0.40]
2024-06-18 09:43:06.246 | INFO     | __main__:train:73 - epoch 7[batch i:100][batch size:64][loss:0.42]
2024-06-18 09:43:06.855 | INFO     | __main__:train:73 - epoch 7[batch i:150][batch size:64][loss:0.44]
2024-06-18 09:43:07.442 | INFO     | __main__:train:73 - epoch 7[batch i:200][batch size:64][loss:0.42]
2024-06-18 09:43:08.129 | INFO     | __main__:train:73 - epoch 7[batch i:250][batch size:64][loss:0.44]
2024-06-18 09:43:08.674 | INFO     | __main__:train:73 - epoch 7[batch i:300][batch size:64][loss:0.42]
2024-06-18 09:43:09.159 | INFO     | __main__:train:77 - epoch 7 time:8.55s
2024-06-18 09:43:14.190 | WARNING  | __main__:evaluate:56 - [eval]Accuracy of the network on the 10000 test images: 69.04%
2024-06-18 09:43:19.502 | INFO     | __main__:train:73 - epoch 8[batch i:50][batch size:64][loss:0.34]
2024-06-18 09:43:20.113 | INFO     | __main__:train:73 - epoch 8[batch i:100][batch size:64][loss:0.40]
2024-06-18 09:43:20.701 | INFO     | __main__:train:73 - epoch 8[batch i:150][batch size:64][loss:0.37]
2024-06-18 09:43:21.224 | INFO     | __main__:train:73 - epoch 8[batch i:200][batch size:64][loss:0.38]
2024-06-18 09:43:21.748 | INFO     | __main__:train:73 - epoch 8[batch i:250][batch size:64][loss:0.33]
2024-06-18 09:43:22.355 | INFO     | __main__:train:73 - epoch 8[batch i:300][batch size:64][loss:0.36]
2024-06-18 09:43:22.763 | INFO     | __main__:train:77 - epoch 8 time:8.57s
2024-06-18 09:43:27.396 | WARNING  | __main__:evaluate:56 - [eval]Accuracy of the network on the 10000 test images: 69.82%
2024-06-18 09:43:32.705 | INFO     | __main__:train:73 - epoch 9[batch i:50][batch size:64][loss:0.28]
2024-06-18 09:43:33.237 | INFO     | __main__:train:73 - epoch 9[batch i:100][batch size:64][loss:0.29]
2024-06-18 09:43:33.769 | INFO     | __main__:train:73 - epoch 9[batch i:150][batch size:64][loss:0.31]
2024-06-18 09:43:34.290 | INFO     | __main__:train:73 - epoch 9[batch i:200][batch size:64][loss:0.32]
2024-06-18 09:43:34.820 | INFO     | __main__:train:73 - epoch 9[batch i:250][batch size:64][loss:0.30]
2024-06-18 09:43:35.357 | INFO     | __main__:train:73 - epoch 9[batch i:300][batch size:64][loss:0.30]
2024-06-18 09:43:35.775 | INFO     | __main__:train:77 - epoch 9 time:8.38s
2024-06-18 09:43:41.021 | WARNING  | __main__:evaluate:56 - [eval]Accuracy of the network on the 10000 test images: 69.47%
2024-06-18 09:43:46.740 | INFO     | __main__:train:73 - epoch 10[batch i:50][batch size:64][loss:0.24]
2024-06-18 09:43:47.301 | INFO     | __main__:train:73 - epoch 10[batch i:100][batch size:64][loss:0.24]
2024-06-18 09:43:47.875 | INFO     | __main__:train:73 - epoch 10[batch i:150][batch size:64][loss:0.25]
2024-06-18 09:43:48.507 | INFO     | __main__:train:73 - epoch 10[batch i:200][batch size:64][loss:0.26]
2024-06-18 09:43:49.081 | INFO     | __main__:train:73 - epoch 10[batch i:250][batch size:64][loss:0.26]
2024-06-18 09:43:49.659 | INFO     | __main__:train:73 - epoch 10[batch i:300][batch size:64][loss:0.24]
2024-06-18 09:43:50.105 | INFO     | __main__:train:77 - epoch 10 time:9.08s
2024-06-18 09:43:54.686 | WARNING  | __main__:evaluate:56 - [eval]Accuracy of the network on the 10000 test images: 69.71%
2024-06-18 09:43:59.539 | INFO     | __main__:train:73 - epoch 11[batch i:50][batch size:64][loss:0.16]
2024-06-18 09:44:00.046 | INFO     | __main__:train:73 - epoch 11[batch i:100][batch size:64][loss:0.14]
2024-06-18 09:44:00.576 | INFO     | __main__:train:73 - epoch 11[batch i:150][batch size:64][loss:0.11]
2024-06-18 09:44:01.116 | INFO     | __main__:train:73 - epoch 11[batch i:200][batch size:64][loss:0.11]
2024-06-18 09:44:01.777 | INFO     | __main__:train:73 - epoch 11[batch i:250][batch size:64][loss:0.11]
2024-06-18 09:44:02.389 | INFO     | __main__:train:73 - epoch 11[batch i:300][batch size:64][loss:0.12]
2024-06-18 09:44:02.863 | INFO     | __main__:train:77 - epoch 11 time:8.18s
2024-06-18 09:44:08.040 | WARNING  | __main__:evaluate:56 - [eval]Accuracy of the network on the 10000 test images: 75.03%
2024-06-18 09:44:13.474 | INFO     | __main__:train:73 - epoch 12[batch i:50][batch size:64][loss:0.09]
2024-06-18 09:44:14.062 | INFO     | __main__:train:73 - epoch 12[batch i:100][batch size:64][loss:0.09]
2024-06-18 09:44:14.632 | INFO     | __main__:train:73 - epoch 12[batch i:150][batch size:64][loss:0.09]
2024-06-18 09:44:15.163 | INFO     | __main__:train:73 - epoch 12[batch i:200][batch size:64][loss:0.09]
2024-06-18 09:44:15.741 | INFO     | __main__:train:73 - epoch 12[batch i:250][batch size:64][loss:0.08]
2024-06-18 09:44:16.691 | INFO     | __main__:train:73 - epoch 12[batch i:300][batch size:64][loss:0.10]
2024-06-18 09:44:17.209 | INFO     | __main__:train:77 - epoch 12 time:9.17s
2024-06-18 09:44:21.679 | WARNING  | __main__:evaluate:56 - [eval]Accuracy of the network on the 10000 test images: 74.91%
2024-06-18 09:44:25.882 | INFO     | __main__:train:73 - epoch 13[batch i:50][batch size:64][loss:0.07]
2024-06-18 09:44:26.411 | INFO     | __main__:train:73 - epoch 13[batch i:100][batch size:64][loss:0.07]
2024-06-18 09:44:26.952 | INFO     | __main__:train:73 - epoch 13[batch i:150][batch size:64][loss:0.07]
2024-06-18 09:44:27.478 | INFO     | __main__:train:73 - epoch 13[batch i:200][batch size:64][loss:0.07]
2024-06-18 09:44:28.043 | INFO     | __main__:train:73 - epoch 13[batch i:250][batch size:64][loss:0.07]
2024-06-18 09:44:28.584 | INFO     | __main__:train:73 - epoch 13[batch i:300][batch size:64][loss:0.07]
2024-06-18 09:44:28.963 | INFO     | __main__:train:77 - epoch 13 time:7.28s
2024-06-18 09:44:32.583 | WARNING  | __main__:evaluate:56 - [eval]Accuracy of the network on the 10000 test images: 74.78%
2024-06-18 09:44:36.699 | INFO     | __main__:train:73 - epoch 14[batch i:50][batch size:64][loss:0.05]
2024-06-18 09:44:37.184 | INFO     | __main__:train:73 - epoch 14[batch i:100][batch size:64][loss:0.06]
2024-06-18 09:44:37.712 | INFO     | __main__:train:73 - epoch 14[batch i:150][batch size:64][loss:0.06]
2024-06-18 09:44:38.240 | INFO     | __main__:train:73 - epoch 14[batch i:200][batch size:64][loss:0.06]
2024-06-18 09:44:38.761 | INFO     | __main__:train:73 - epoch 14[batch i:250][batch size:64][loss:0.06]
2024-06-18 09:44:39.294 | INFO     | __main__:train:73 - epoch 14[batch i:300][batch size:64][loss:0.06]
2024-06-18 09:44:39.601 | INFO     | __main__:train:77 - epoch 14 time:7.02s
2024-06-18 09:44:43.155 | WARNING  | __main__:evaluate:56 - [eval]Accuracy of the network on the 10000 test images: 74.97%
2024-06-18 09:44:47.206 | INFO     | __main__:train:73 - epoch 15[batch i:50][batch size:64][loss:0.05]
2024-06-18 09:44:47.780 | INFO     | __main__:train:73 - epoch 15[batch i:100][batch size:64][loss:0.05]
2024-06-18 09:44:48.286 | INFO     | __main__:train:73 - epoch 15[batch i:150][batch size:64][loss:0.05]
2024-06-18 09:44:48.782 | INFO     | __main__:train:73 - epoch 15[batch i:200][batch size:64][loss:0.04]
2024-06-18 09:44:49.346 | INFO     | __main__:train:73 - epoch 15[batch i:250][batch size:64][loss:0.05]
2024-06-18 09:44:49.876 | INFO     | __main__:train:73 - epoch 15[batch i:300][batch size:64][loss:0.05]
2024-06-18 09:44:50.200 | INFO     | __main__:train:77 - epoch 15 time:7.05s
2024-06-18 09:44:53.961 | WARNING  | __main__:evaluate:56 - [eval]Accuracy of the network on the 10000 test images: 75.04%
2024-06-18 09:44:58.220 | INFO     | __main__:train:73 - epoch 16[batch i:50][batch size:64][loss:0.04]
2024-06-18 09:44:58.706 | INFO     | __main__:train:73 - epoch 16[batch i:100][batch size:64][loss:0.04]
2024-06-18 09:44:59.314 | INFO     | __main__:train:73 - epoch 16[batch i:150][batch size:64][loss:0.04]
2024-06-18 09:44:59.835 | INFO     | __main__:train:73 - epoch 16[batch i:200][batch size:64][loss:0.04]
2024-06-18 09:45:00.364 | INFO     | __main__:train:73 - epoch 16[batch i:250][batch size:64][loss:0.04]
2024-06-18 09:45:00.895 | INFO     | __main__:train:73 - epoch 16[batch i:300][batch size:64][loss:0.04]
2024-06-18 09:45:01.226 | INFO     | __main__:train:77 - epoch 16 time:7.26s
2024-06-18 09:45:04.939 | WARNING  | __main__:evaluate:56 - [eval]Accuracy of the network on the 10000 test images: 74.80%
2024-06-18 09:45:09.244 | INFO     | __main__:train:73 - epoch 17[batch i:50][batch size:64][loss:0.03]
2024-06-18 09:45:09.734 | INFO     | __main__:train:73 - epoch 17[batch i:100][batch size:64][loss:0.03]
2024-06-18 09:45:10.296 | INFO     | __main__:train:73 - epoch 17[batch i:150][batch size:64][loss:0.03]
2024-06-18 09:45:10.787 | INFO     | __main__:train:73 - epoch 17[batch i:200][batch size:64][loss:0.03]
2024-06-18 09:45:11.317 | INFO     | __main__:train:73 - epoch 17[batch i:250][batch size:64][loss:0.03]
2024-06-18 09:45:11.838 | INFO     | __main__:train:73 - epoch 17[batch i:300][batch size:64][loss:0.03]
2024-06-18 09:45:12.164 | INFO     | __main__:train:77 - epoch 17 time:7.23s
2024-06-18 09:45:15.865 | WARNING  | __main__:evaluate:56 - [eval]Accuracy of the network on the 10000 test images: 74.97%
2024-06-18 09:45:20.146 | INFO     | __main__:train:73 - epoch 18[batch i:50][batch size:64][loss:0.02]
2024-06-18 09:45:20.722 | INFO     | __main__:train:73 - epoch 18[batch i:100][batch size:64][loss:0.03]
2024-06-18 09:45:21.323 | INFO     | __main__:train:73 - epoch 18[batch i:150][batch size:64][loss:0.03]
2024-06-18 09:45:21.811 | INFO     | __main__:train:73 - epoch 18[batch i:200][batch size:64][loss:0.03]
2024-06-18 09:45:22.301 | INFO     | __main__:train:73 - epoch 18[batch i:250][batch size:64][loss:0.03]
2024-06-18 09:45:22.790 | INFO     | __main__:train:73 - epoch 18[batch i:300][batch size:64][loss:0.02]
2024-06-18 09:45:23.139 | INFO     | __main__:train:77 - epoch 18 time:7.27s
2024-06-18 09:45:26.654 | WARNING  | __main__:evaluate:56 - [eval]Accuracy of the network on the 10000 test images: 74.71%
2024-06-18 09:45:30.737 | INFO     | __main__:train:73 - epoch 19[batch i:50][batch size:64][loss:0.02]
2024-06-18 09:45:31.231 | INFO     | __main__:train:73 - epoch 19[batch i:100][batch size:64][loss:0.02]
2024-06-18 09:45:31.801 | INFO     | __main__:train:73 - epoch 19[batch i:150][batch size:64][loss:0.02]
2024-06-18 09:45:32.333 | INFO     | __main__:train:73 - epoch 19[batch i:200][batch size:64][loss:0.02]
2024-06-18 09:45:32.980 | INFO     | __main__:train:73 - epoch 19[batch i:250][batch size:64][loss:0.02]
2024-06-18 09:45:33.466 | INFO     | __main__:train:73 - epoch 19[batch i:300][batch size:64][loss:0.02]
2024-06-18 09:45:33.777 | INFO     | __main__:train:77 - epoch 19 time:7.12s
2024-06-18 09:45:37.368 | WARNING  | __main__:evaluate:56 - [eval]Accuracy of the network on the 10000 test images: 74.89%
2024-06-18 09:45:41.457 | INFO     | __main__:train:73 - epoch 20[batch i:50][batch size:64][loss:0.02]
2024-06-18 09:45:41.946 | INFO     | __main__:train:73 - epoch 20[batch i:100][batch size:64][loss:0.02]
2024-06-18 09:45:42.474 | INFO     | __main__:train:73 - epoch 20[batch i:150][batch size:64][loss:0.02]
2024-06-18 09:45:42.965 | INFO     | __main__:train:73 - epoch 20[batch i:200][batch size:64][loss:0.02]
2024-06-18 09:45:43.525 | INFO     | __main__:train:73 - epoch 20[batch i:250][batch size:64][loss:0.02]
2024-06-18 09:45:44.016 | INFO     | __main__:train:73 - epoch 20[batch i:300][batch size:64][loss:0.02]
2024-06-18 09:45:44.324 | INFO     | __main__:train:77 - epoch 20 time:6.96s
2024-06-18 09:45:47.947 | WARNING  | __main__:evaluate:56 - [eval]Accuracy of the network on the 10000 test images: 75.02%
2024-06-18 09:45:52.077 | INFO     | __main__:train:73 - epoch 21[batch i:50][batch size:64][loss:0.01]
2024-06-18 09:45:52.564 | INFO     | __main__:train:73 - epoch 21[batch i:100][batch size:64][loss:0.02]
2024-06-18 09:45:53.054 | INFO     | __main__:train:73 - epoch 21[batch i:150][batch size:64][loss:0.02]
2024-06-18 09:45:53.538 | INFO     | __main__:train:73 - epoch 21[batch i:200][batch size:64][loss:0.02]
2024-06-18 09:45:54.026 | INFO     | __main__:train:73 - epoch 21[batch i:250][batch size:64][loss:0.01]
2024-06-18 09:45:54.510 | INFO     | __main__:train:73 - epoch 21[batch i:300][batch size:64][loss:0.01]
2024-06-18 09:45:54.823 | INFO     | __main__:train:77 - epoch 21 time:6.88s
2024-06-18 09:45:58.348 | WARNING  | __main__:evaluate:56 - [eval]Accuracy of the network on the 10000 test images: 75.13%
2024-06-18 09:46:02.560 | INFO     | __main__:train:73 - epoch 22[batch i:50][batch size:64][loss:0.01]
2024-06-18 09:46:03.047 | INFO     | __main__:train:73 - epoch 22[batch i:100][batch size:64][loss:0.02]
2024-06-18 09:46:03.535 | INFO     | __main__:train:73 - epoch 22[batch i:150][batch size:64][loss:0.01]
2024-06-18 09:46:04.018 | INFO     | __main__:train:73 - epoch 22[batch i:200][batch size:64][loss:0.01]
2024-06-18 09:46:04.502 | INFO     | __main__:train:73 - epoch 22[batch i:250][batch size:64][loss:0.01]
2024-06-18 09:46:04.993 | INFO     | __main__:train:73 - epoch 22[batch i:300][batch size:64][loss:0.02]
2024-06-18 09:46:05.305 | INFO     | __main__:train:77 - epoch 22 time:6.96s
2024-06-18 09:46:08.845 | WARNING  | __main__:evaluate:56 - [eval]Accuracy of the network on the 10000 test images: 75.25%
2024-06-18 09:46:12.867 | INFO     | __main__:train:73 - epoch 23[batch i:50][batch size:64][loss:0.01]
2024-06-18 09:46:13.352 | INFO     | __main__:train:73 - epoch 23[batch i:100][batch size:64][loss:0.01]
2024-06-18 09:46:13.837 | INFO     | __main__:train:73 - epoch 23[batch i:150][batch size:64][loss:0.01]
2024-06-18 09:46:14.323 | INFO     | __main__:train:73 - epoch 23[batch i:200][batch size:64][loss:0.01]
2024-06-18 09:46:14.810 | INFO     | __main__:train:73 - epoch 23[batch i:250][batch size:64][loss:0.01]
2024-06-18 09:46:15.294 | INFO     | __main__:train:73 - epoch 23[batch i:300][batch size:64][loss:0.01]
2024-06-18 09:46:15.600 | INFO     | __main__:train:77 - epoch 23 time:6.75s
2024-06-18 09:46:19.093 | WARNING  | __main__:evaluate:56 - [eval]Accuracy of the network on the 10000 test images: 75.13%
2024-06-18 09:46:23.172 | INFO     | __main__:train:73 - epoch 24[batch i:50][batch size:64][loss:0.01]
2024-06-18 09:46:23.653 | INFO     | __main__:train:73 - epoch 24[batch i:100][batch size:64][loss:0.01]
2024-06-18 09:46:24.139 | INFO     | __main__:train:73 - epoch 24[batch i:150][batch size:64][loss:0.01]
2024-06-18 09:46:24.623 | INFO     | __main__:train:73 - epoch 24[batch i:200][batch size:64][loss:0.01]
2024-06-18 09:46:25.108 | INFO     | __main__:train:73 - epoch 24[batch i:250][batch size:64][loss:0.01]
2024-06-18 09:46:25.593 | INFO     | __main__:train:73 - epoch 24[batch i:300][batch size:64][loss:0.01]
2024-06-18 09:46:25.902 | INFO     | __main__:train:77 - epoch 24 time:6.81s
2024-06-18 09:46:29.473 | WARNING  | __main__:evaluate:56 - [eval]Accuracy of the network on the 10000 test images: 75.25%
2024-06-18 09:46:33.526 | INFO     | __main__:train:73 - epoch 25[batch i:50][batch size:64][loss:0.01]
2024-06-18 09:46:34.015 | INFO     | __main__:train:73 - epoch 25[batch i:100][batch size:64][loss:0.01]
2024-06-18 09:46:34.506 | INFO     | __main__:train:73 - epoch 25[batch i:150][batch size:64][loss:0.01]
2024-06-18 09:46:34.994 | INFO     | __main__:train:73 - epoch 25[batch i:200][batch size:64][loss:0.01]
2024-06-18 09:46:35.483 | INFO     | __main__:train:73 - epoch 25[batch i:250][batch size:64][loss:0.01]
2024-06-18 09:46:35.972 | INFO     | __main__:train:73 - epoch 25[batch i:300][batch size:64][loss:0.01]
2024-06-18 09:46:36.286 | INFO     | __main__:train:77 - epoch 25 time:6.81s
2024-06-18 09:46:39.846 | WARNING  | __main__:evaluate:56 - [eval]Accuracy of the network on the 10000 test images: 75.01%
2024-06-18 09:46:43.964 | INFO     | __main__:train:73 - epoch 26[batch i:50][batch size:64][loss:0.01]
2024-06-18 09:46:44.449 | INFO     | __main__:train:73 - epoch 26[batch i:100][batch size:64][loss:0.01]
2024-06-18 09:46:44.936 | INFO     | __main__:train:73 - epoch 26[batch i:150][batch size:64][loss:0.01]
2024-06-18 09:46:45.422 | INFO     | __main__:train:73 - epoch 26[batch i:200][batch size:64][loss:0.01]
2024-06-18 09:46:45.909 | INFO     | __main__:train:73 - epoch 26[batch i:250][batch size:64][loss:0.01]
2024-06-18 09:46:46.398 | INFO     | __main__:train:73 - epoch 26[batch i:300][batch size:64][loss:0.01]
2024-06-18 09:46:46.719 | INFO     | __main__:train:77 - epoch 26 time:6.87s
2024-06-18 09:46:50.213 | WARNING  | __main__:evaluate:56 - [eval]Accuracy of the network on the 10000 test images: 75.04%
2024-06-18 09:46:54.359 | INFO     | __main__:train:73 - epoch 27[batch i:50][batch size:64][loss:0.01]
2024-06-18 09:46:54.843 | INFO     | __main__:train:73 - epoch 27[batch i:100][batch size:64][loss:0.01]
2024-06-18 09:46:55.326 | INFO     | __main__:train:73 - epoch 27[batch i:150][batch size:64][loss:0.01]
2024-06-18 09:46:55.813 | INFO     | __main__:train:73 - epoch 27[batch i:200][batch size:64][loss:0.01]
2024-06-18 09:46:56.304 | INFO     | __main__:train:73 - epoch 27[batch i:250][batch size:64][loss:0.01]
2024-06-18 09:46:56.790 | INFO     | __main__:train:73 - epoch 27[batch i:300][batch size:64][loss:0.01]
2024-06-18 09:46:57.103 | INFO     | __main__:train:77 - epoch 27 time:6.89s
2024-06-18 09:47:00.631 | WARNING  | __main__:evaluate:56 - [eval]Accuracy of the network on the 10000 test images: 75.05%
2024-06-18 09:47:04.632 | INFO     | __main__:train:73 - epoch 28[batch i:50][batch size:64][loss:0.01]
2024-06-18 09:47:05.116 | INFO     | __main__:train:73 - epoch 28[batch i:100][batch size:64][loss:0.01]
2024-06-18 09:47:05.604 | INFO     | __main__:train:73 - epoch 28[batch i:150][batch size:64][loss:0.01]
2024-06-18 09:47:06.088 | INFO     | __main__:train:73 - epoch 28[batch i:200][batch size:64][loss:0.01]
2024-06-18 09:47:06.576 | INFO     | __main__:train:73 - epoch 28[batch i:250][batch size:64][loss:0.01]
2024-06-18 09:47:07.060 | INFO     | __main__:train:73 - epoch 28[batch i:300][batch size:64][loss:0.01]
2024-06-18 09:47:07.367 | INFO     | __main__:train:77 - epoch 28 time:6.74s
2024-06-18 09:47:10.881 | WARNING  | __main__:evaluate:56 - [eval]Accuracy of the network on the 10000 test images: 75.02%
2024-06-18 09:47:14.892 | INFO     | __main__:train:73 - epoch 29[batch i:50][batch size:64][loss:0.01]
2024-06-18 09:47:15.377 | INFO     | __main__:train:73 - epoch 29[batch i:100][batch size:64][loss:0.01]
2024-06-18 09:47:15.865 | INFO     | __main__:train:73 - epoch 29[batch i:150][batch size:64][loss:0.01]
2024-06-18 09:47:16.348 | INFO     | __main__:train:73 - epoch 29[batch i:200][batch size:64][loss:0.01]
2024-06-18 09:47:16.833 | INFO     | __main__:train:73 - epoch 29[batch i:250][batch size:64][loss:0.01]
2024-06-18 09:47:17.317 | INFO     | __main__:train:73 - epoch 29[batch i:300][batch size:64][loss:0.01]
2024-06-18 09:47:17.626 | INFO     | __main__:train:77 - epoch 29 time:6.74s
2024-06-18 09:47:21.156 | WARNING  | __main__:evaluate:56 - [eval]Accuracy of the network on the 10000 test images: 75.10%
2024-06-18 09:47:25.148 | INFO     | __main__:train:73 - epoch 30[batch i:50][batch size:64][loss:0.01]
2024-06-18 09:47:25.636 | INFO     | __main__:train:73 - epoch 30[batch i:100][batch size:64][loss:0.01]
2024-06-18 09:47:26.127 | INFO     | __main__:train:73 - epoch 30[batch i:150][batch size:64][loss:0.01]
2024-06-18 09:47:26.617 | INFO     | __main__:train:73 - epoch 30[batch i:200][batch size:64][loss:0.01]
2024-06-18 09:47:27.107 | INFO     | __main__:train:73 - epoch 30[batch i:250][batch size:64][loss:0.01]
2024-06-18 09:47:27.593 | INFO     | __main__:train:73 - epoch 30[batch i:300][batch size:64][loss:0.01]
2024-06-18 09:47:27.901 | INFO     | __main__:train:77 - epoch 30 time:6.74s
2024-06-18 09:47:31.427 | WARNING  | __main__:evaluate:56 - [eval]Accuracy of the network on the 10000 test images: 75.11%
2024-06-18 09:47:35.642 | INFO     | __main__:train:73 - epoch 31[batch i:50][batch size:64][loss:0.01]
2024-06-18 09:47:36.143 | INFO     | __main__:train:73 - epoch 31[batch i:100][batch size:64][loss:0.01]
2024-06-18 09:47:36.650 | INFO     | __main__:train:73 - epoch 31[batch i:150][batch size:64][loss:0.01]
2024-06-18 09:47:37.142 | INFO     | __main__:train:73 - epoch 31[batch i:200][batch size:64][loss:0.01]
2024-06-18 09:47:37.636 | INFO     | __main__:train:73 - epoch 31[batch i:250][batch size:64][loss:0.01]
2024-06-18 09:47:38.126 | INFO     | __main__:train:73 - epoch 31[batch i:300][batch size:64][loss:0.01]
2024-06-18 09:47:38.452 | INFO     | __main__:train:77 - epoch 31 time:7.02s
2024-06-18 09:47:42.303 | WARNING  | __main__:evaluate:56 - [eval]Accuracy of the network on the 10000 test images: 75.10%
2024-06-18 09:47:46.485 | INFO     | __main__:train:73 - epoch 32[batch i:50][batch size:64][loss:0.01]
2024-06-18 09:47:46.976 | INFO     | __main__:train:73 - epoch 32[batch i:100][batch size:64][loss:0.01]
2024-06-18 09:47:47.473 | INFO     | __main__:train:73 - epoch 32[batch i:150][batch size:64][loss:0.01]
2024-06-18 09:47:47.968 | INFO     | __main__:train:73 - epoch 32[batch i:200][batch size:64][loss:0.01]
2024-06-18 09:47:48.466 | INFO     | __main__:train:73 - epoch 32[batch i:250][batch size:64][loss:0.01]
2024-06-18 09:47:48.960 | INFO     | __main__:train:73 - epoch 32[batch i:300][batch size:64][loss:0.01]
2024-06-18 09:47:49.282 | INFO     | __main__:train:77 - epoch 32 time:6.98s
2024-06-18 09:47:52.868 | WARNING  | __main__:evaluate:56 - [eval]Accuracy of the network on the 10000 test images: 75.07%
2024-06-18 09:47:56.953 | INFO     | __main__:train:73 - epoch 33[batch i:50][batch size:64][loss:0.01]
2024-06-18 09:47:57.445 | INFO     | __main__:train:73 - epoch 33[batch i:100][batch size:64][loss:0.01]
2024-06-18 09:47:57.937 | INFO     | __main__:train:73 - epoch 33[batch i:150][batch size:64][loss:0.01]
2024-06-18 09:47:58.429 | INFO     | __main__:train:73 - epoch 33[batch i:200][batch size:64][loss:0.01]
2024-06-18 09:47:58.919 | INFO     | __main__:train:73 - epoch 33[batch i:250][batch size:64][loss:0.01]
2024-06-18 09:47:59.410 | INFO     | __main__:train:73 - epoch 33[batch i:300][batch size:64][loss:0.01]
2024-06-18 09:47:59.727 | INFO     | __main__:train:77 - epoch 33 time:6.86s
2024-06-18 09:48:03.297 | WARNING  | __main__:evaluate:56 - [eval]Accuracy of the network on the 10000 test images: 75.07%
2024-06-18 09:48:07.393 | INFO     | __main__:train:73 - epoch 34[batch i:50][batch size:64][loss:0.01]
2024-06-18 09:48:07.880 | INFO     | __main__:train:73 - epoch 34[batch i:100][batch size:64][loss:0.01]
2024-06-18 09:48:08.372 | INFO     | __main__:train:73 - epoch 34[batch i:150][batch size:64][loss:0.01]
2024-06-18 09:48:08.864 | INFO     | __main__:train:73 - epoch 34[batch i:200][batch size:64][loss:0.02]
2024-06-18 09:48:09.357 | INFO     | __main__:train:73 - epoch 34[batch i:250][batch size:64][loss:0.01]
2024-06-18 09:48:09.846 | INFO     | __main__:train:73 - epoch 34[batch i:300][batch size:64][loss:0.01]
2024-06-18 09:48:10.164 | INFO     | __main__:train:77 - epoch 34 time:6.87s
2024-06-18 09:48:13.758 | WARNING  | __main__:evaluate:56 - [eval]Accuracy of the network on the 10000 test images: 75.06%
2024-06-18 09:48:17.855 | INFO     | __main__:train:73 - epoch 35[batch i:50][batch size:64][loss:0.01]
2024-06-18 09:48:18.351 | INFO     | __main__:train:73 - epoch 35[batch i:100][batch size:64][loss:0.01]
2024-06-18 09:48:18.843 | INFO     | __main__:train:73 - epoch 35[batch i:150][batch size:64][loss:0.01]
2024-06-18 09:48:19.336 | INFO     | __main__:train:73 - epoch 35[batch i:200][batch size:64][loss:0.01]
2024-06-18 09:48:19.827 | INFO     | __main__:train:73 - epoch 35[batch i:250][batch size:64][loss:0.01]
2024-06-18 09:48:20.318 | INFO     | __main__:train:73 - epoch 35[batch i:300][batch size:64][loss:0.01]
2024-06-18 09:48:20.643 | INFO     | __main__:train:77 - epoch 35 time:6.89s
2024-06-18 09:48:24.239 | WARNING  | __main__:evaluate:56 - [eval]Accuracy of the network on the 10000 test images: 75.06%
2024-06-18 09:48:28.317 | INFO     | __main__:train:73 - epoch 36[batch i:50][batch size:64][loss:0.01]
2024-06-18 09:48:28.810 | INFO     | __main__:train:73 - epoch 36[batch i:100][batch size:64][loss:0.01]
2024-06-18 09:48:29.300 | INFO     | __main__:train:73 - epoch 36[batch i:150][batch size:64][loss:0.01]
2024-06-18 09:48:29.791 | INFO     | __main__:train:73 - epoch 36[batch i:200][batch size:64][loss:0.01]
2024-06-18 09:48:30.282 | INFO     | __main__:train:73 - epoch 36[batch i:250][batch size:64][loss:0.01]
2024-06-18 09:48:30.770 | INFO     | __main__:train:73 - epoch 36[batch i:300][batch size:64][loss:0.01]
2024-06-18 09:48:31.090 | INFO     | __main__:train:77 - epoch 36 time:6.85s
2024-06-18 09:48:34.636 | WARNING  | __main__:evaluate:56 - [eval]Accuracy of the network on the 10000 test images: 75.03%
2024-06-18 09:48:38.775 | INFO     | __main__:train:73 - epoch 37[batch i:50][batch size:64][loss:0.01]
2024-06-18 09:48:39.270 | INFO     | __main__:train:73 - epoch 37[batch i:100][batch size:64][loss:0.01]
2024-06-18 09:48:39.766 | INFO     | __main__:train:73 - epoch 37[batch i:150][batch size:64][loss:0.01]
2024-06-18 09:48:40.259 | INFO     | __main__:train:73 - epoch 37[batch i:200][batch size:64][loss:0.01]
2024-06-18 09:48:40.757 | INFO     | __main__:train:73 - epoch 37[batch i:250][batch size:64][loss:0.01]
2024-06-18 09:48:41.253 | INFO     | __main__:train:73 - epoch 37[batch i:300][batch size:64][loss:0.01]
2024-06-18 09:48:41.583 | INFO     | __main__:train:77 - epoch 37 time:6.95s
2024-06-18 09:48:45.140 | WARNING  | __main__:evaluate:56 - [eval]Accuracy of the network on the 10000 test images: 75.08%
2024-06-18 09:48:49.175 | INFO     | __main__:train:73 - epoch 38[batch i:50][batch size:64][loss:0.01]
2024-06-18 09:48:49.668 | INFO     | __main__:train:73 - epoch 38[batch i:100][batch size:64][loss:0.01]
2024-06-18 09:48:50.162 | INFO     | __main__:train:73 - epoch 38[batch i:150][batch size:64][loss:0.01]
2024-06-18 09:48:50.650 | INFO     | __main__:train:73 - epoch 38[batch i:200][batch size:64][loss:0.01]
2024-06-18 09:48:51.141 | INFO     | __main__:train:73 - epoch 38[batch i:250][batch size:64][loss:0.01]
2024-06-18 09:48:51.633 | INFO     | __main__:train:73 - epoch 38[batch i:300][batch size:64][loss:0.01]
2024-06-18 09:48:51.958 | INFO     | __main__:train:77 - epoch 38 time:6.82s
2024-06-18 09:48:55.509 | WARNING  | __main__:evaluate:56 - [eval]Accuracy of the network on the 10000 test images: 75.03%
2024-06-18 09:48:59.655 | INFO     | __main__:train:73 - epoch 39[batch i:50][batch size:64][loss:0.01]
2024-06-18 09:49:00.147 | INFO     | __main__:train:73 - epoch 39[batch i:100][batch size:64][loss:0.01]
2024-06-18 09:49:00.640 | INFO     | __main__:train:73 - epoch 39[batch i:150][batch size:64][loss:0.01]
2024-06-18 09:49:01.127 | INFO     | __main__:train:73 - epoch 39[batch i:200][batch size:64][loss:0.01]
2024-06-18 09:49:01.620 | INFO     | __main__:train:73 - epoch 39[batch i:250][batch size:64][loss:0.01]
2024-06-18 09:49:02.115 | INFO     | __main__:train:73 - epoch 39[batch i:300][batch size:64][loss:0.01]
2024-06-18 09:49:02.438 | INFO     | __main__:train:77 - epoch 39 time:6.93s
2024-06-18 09:49:06.076 | WARNING  | __main__:evaluate:56 - [eval]Accuracy of the network on the 10000 test images: 75.03%
2024-06-18 09:49:10.147 | INFO     | __main__:train:73 - epoch 40[batch i:50][batch size:64][loss:0.01]
2024-06-18 09:49:10.638 | INFO     | __main__:train:73 - epoch 40[batch i:100][batch size:64][loss:0.01]
2024-06-18 09:49:11.132 | INFO     | __main__:train:73 - epoch 40[batch i:150][batch size:64][loss:0.01]
2024-06-18 09:49:11.624 | INFO     | __main__:train:73 - epoch 40[batch i:200][batch size:64][loss:0.01]
2024-06-18 09:49:12.117 | INFO     | __main__:train:73 - epoch 40[batch i:250][batch size:64][loss:0.01]
2024-06-18 09:49:12.609 | INFO     | __main__:train:73 - epoch 40[batch i:300][batch size:64][loss:0.01]
2024-06-18 09:49:12.933 | INFO     | __main__:train:77 - epoch 40 time:6.86s
2024-06-18 09:49:16.513 | WARNING  | __main__:evaluate:56 - [eval]Accuracy of the network on the 10000 test images: 75.04%
2024-06-18 09:49:20.783 | INFO     | __main__:train:73 - epoch 41[batch i:50][batch size:64][loss:0.01]
2024-06-18 09:49:21.275 | INFO     | __main__:train:73 - epoch 41[batch i:100][batch size:64][loss:0.01]
2024-06-18 09:49:21.768 | INFO     | __main__:train:73 - epoch 41[batch i:150][batch size:64][loss:0.01]
2024-06-18 09:49:22.258 | INFO     | __main__:train:73 - epoch 41[batch i:200][batch size:64][loss:0.01]
2024-06-18 09:49:22.751 | INFO     | __main__:train:73 - epoch 41[batch i:250][batch size:64][loss:0.01]
2024-06-18 09:49:23.238 | INFO     | __main__:train:73 - epoch 41[batch i:300][batch size:64][loss:0.01]
2024-06-18 09:49:23.555 | INFO     | __main__:train:77 - epoch 41 time:7.04s
2024-06-18 09:49:27.126 | WARNING  | __main__:evaluate:56 - [eval]Accuracy of the network on the 10000 test images: 75.02%
2024-06-18 09:49:31.242 | INFO     | __main__:train:73 - epoch 42[batch i:50][batch size:64][loss:0.01]
2024-06-18 09:49:31.742 | INFO     | __main__:train:73 - epoch 42[batch i:100][batch size:64][loss:0.01]
2024-06-18 09:49:32.237 | INFO     | __main__:train:73 - epoch 42[batch i:150][batch size:64][loss:0.01]
2024-06-18 09:49:32.733 | INFO     | __main__:train:73 - epoch 42[batch i:200][batch size:64][loss:0.01]
2024-06-18 09:49:33.226 | INFO     | __main__:train:73 - epoch 42[batch i:250][batch size:64][loss:0.01]
2024-06-18 09:49:33.719 | INFO     | __main__:train:73 - epoch 42[batch i:300][batch size:64][loss:0.01]
2024-06-18 09:49:34.051 | INFO     | __main__:train:77 - epoch 42 time:6.92s
2024-06-18 09:49:37.632 | WARNING  | __main__:evaluate:56 - [eval]Accuracy of the network on the 10000 test images: 75.03%
2024-06-18 09:49:41.694 | INFO     | __main__:train:73 - epoch 43[batch i:50][batch size:64][loss:0.01]
2024-06-18 09:49:42.184 | INFO     | __main__:train:73 - epoch 43[batch i:100][batch size:64][loss:0.01]
2024-06-18 09:49:42.676 | INFO     | __main__:train:73 - epoch 43[batch i:150][batch size:64][loss:0.01]
2024-06-18 09:49:43.167 | INFO     | __main__:train:73 - epoch 43[batch i:200][batch size:64][loss:0.01]
2024-06-18 09:49:43.659 | INFO     | __main__:train:73 - epoch 43[batch i:250][batch size:64][loss:0.01]
2024-06-18 09:49:44.150 | INFO     | __main__:train:73 - epoch 43[batch i:300][batch size:64][loss:0.01]
2024-06-18 09:49:44.473 | INFO     | __main__:train:77 - epoch 43 time:6.84s
2024-06-18 09:49:48.083 | WARNING  | __main__:evaluate:56 - [eval]Accuracy of the network on the 10000 test images: 75.04%
2024-06-18 09:49:52.157 | INFO     | __main__:train:73 - epoch 44[batch i:50][batch size:64][loss:0.01]
2024-06-18 09:49:52.646 | INFO     | __main__:train:73 - epoch 44[batch i:100][batch size:64][loss:0.01]
2024-06-18 09:49:53.142 | INFO     | __main__:train:73 - epoch 44[batch i:150][batch size:64][loss:0.01]
2024-06-18 09:49:53.637 | INFO     | __main__:train:73 - epoch 44[batch i:200][batch size:64][loss:0.01]
2024-06-18 09:49:54.134 | INFO     | __main__:train:73 - epoch 44[batch i:250][batch size:64][loss:0.01]
2024-06-18 09:49:54.630 | INFO     | __main__:train:73 - epoch 44[batch i:300][batch size:64][loss:0.01]
2024-06-18 09:49:54.952 | INFO     | __main__:train:77 - epoch 44 time:6.87s
2024-06-18 09:49:58.528 | WARNING  | __main__:evaluate:56 - [eval]Accuracy of the network on the 10000 test images: 75.05%
2024-06-18 09:50:02.871 | INFO     | __main__:train:73 - epoch 45[batch i:50][batch size:64][loss:0.01]
2024-06-18 09:50:03.369 | INFO     | __main__:train:73 - epoch 45[batch i:100][batch size:64][loss:0.01]
2024-06-18 09:50:03.864 | INFO     | __main__:train:73 - epoch 45[batch i:150][batch size:64][loss:0.01]
2024-06-18 09:50:04.356 | INFO     | __main__:train:73 - epoch 45[batch i:200][batch size:64][loss:0.01]
2024-06-18 09:50:04.849 | INFO     | __main__:train:73 - epoch 45[batch i:250][batch size:64][loss:0.01]
2024-06-18 09:50:05.339 | INFO     | __main__:train:73 - epoch 45[batch i:300][batch size:64][loss:0.01]
2024-06-18 09:50:05.663 | INFO     | __main__:train:77 - epoch 45 time:7.13s
2024-06-18 09:50:09.242 | WARNING  | __main__:evaluate:56 - [eval]Accuracy of the network on the 10000 test images: 75.04%
2024-06-18 09:50:13.283 | INFO     | __main__:train:73 - epoch 46[batch i:50][batch size:64][loss:0.01]
2024-06-18 09:50:13.774 | INFO     | __main__:train:73 - epoch 46[batch i:100][batch size:64][loss:0.01]
2024-06-18 09:50:14.268 | INFO     | __main__:train:73 - epoch 46[batch i:150][batch size:64][loss:0.01]
2024-06-18 09:50:14.757 | INFO     | __main__:train:73 - epoch 46[batch i:200][batch size:64][loss:0.01]
2024-06-18 09:50:15.248 | INFO     | __main__:train:73 - epoch 46[batch i:250][batch size:64][loss:0.01]
2024-06-18 09:50:15.738 | INFO     | __main__:train:73 - epoch 46[batch i:300][batch size:64][loss:0.01]
2024-06-18 09:50:16.060 | INFO     | __main__:train:77 - epoch 46 time:6.82s
2024-06-18 09:50:19.613 | WARNING  | __main__:evaluate:56 - [eval]Accuracy of the network on the 10000 test images: 75.04%
2024-06-18 09:50:23.724 | INFO     | __main__:train:73 - epoch 47[batch i:50][batch size:64][loss:0.01]
2024-06-18 09:50:24.216 | INFO     | __main__:train:73 - epoch 47[batch i:100][batch size:64][loss:0.01]
2024-06-18 09:50:24.715 | INFO     | __main__:train:73 - epoch 47[batch i:150][batch size:64][loss:0.01]
2024-06-18 09:50:25.205 | INFO     | __main__:train:73 - epoch 47[batch i:200][batch size:64][loss:0.01]
2024-06-18 09:50:25.697 | INFO     | __main__:train:73 - epoch 47[batch i:250][batch size:64][loss:0.01]
2024-06-18 09:50:26.189 | INFO     | __main__:train:73 - epoch 47[batch i:300][batch size:64][loss:0.01]
2024-06-18 09:50:26.523 | INFO     | __main__:train:77 - epoch 47 time:6.91s
2024-06-18 09:50:30.114 | WARNING  | __main__:evaluate:56 - [eval]Accuracy of the network on the 10000 test images: 75.03%
2024-06-18 09:50:34.187 | INFO     | __main__:train:73 - epoch 48[batch i:50][batch size:64][loss:0.01]
2024-06-18 09:50:34.681 | INFO     | __main__:train:73 - epoch 48[batch i:100][batch size:64][loss:0.01]
2024-06-18 09:50:35.174 | INFO     | __main__:train:73 - epoch 48[batch i:150][batch size:64][loss:0.01]
2024-06-18 09:50:35.668 | INFO     | __main__:train:73 - epoch 48[batch i:200][batch size:64][loss:0.01]
2024-06-18 09:50:36.162 | INFO     | __main__:train:73 - epoch 48[batch i:250][batch size:64][loss:0.01]
2024-06-18 09:50:36.654 | INFO     | __main__:train:73 - epoch 48[batch i:300][batch size:64][loss:0.01]
2024-06-18 09:50:36.973 | INFO     | __main__:train:77 - epoch 48 time:6.86s
2024-06-18 09:50:40.606 | WARNING  | __main__:evaluate:56 - [eval]Accuracy of the network on the 10000 test images: 75.02%
2024-06-18 09:50:44.777 | INFO     | __main__:train:73 - epoch 49[batch i:50][batch size:64][loss:0.01]
2024-06-18 09:50:45.276 | INFO     | __main__:train:73 - epoch 49[batch i:100][batch size:64][loss:0.01]
2024-06-18 09:50:45.771 | INFO     | __main__:train:73 - epoch 49[batch i:150][batch size:64][loss:0.01]
2024-06-18 09:50:46.267 | INFO     | __main__:train:73 - epoch 49[batch i:200][batch size:64][loss:0.01]
2024-06-18 09:50:46.766 | INFO     | __main__:train:73 - epoch 49[batch i:250][batch size:64][loss:0.01]
2024-06-18 09:50:47.264 | INFO     | __main__:train:73 - epoch 49[batch i:300][batch size:64][loss:0.01]
2024-06-18 09:50:47.586 | INFO     | __main__:train:77 - epoch 49 time:6.98s
2024-06-18 09:50:51.173 | WARNING  | __main__:evaluate:56 - [eval]Accuracy of the network on the 10000 test images: 75.03%
2024-06-18 09:50:55.292 | INFO     | __main__:train:73 - epoch 50[batch i:50][batch size:64][loss:0.01]
2024-06-18 09:50:55.784 | INFO     | __main__:train:73 - epoch 50[batch i:100][batch size:64][loss:0.01]
2024-06-18 09:50:56.278 | INFO     | __main__:train:73 - epoch 50[batch i:150][batch size:64][loss:0.01]
2024-06-18 09:50:56.769 | INFO     | __main__:train:73 - epoch 50[batch i:200][batch size:64][loss:0.01]
2024-06-18 09:50:57.261 | INFO     | __main__:train:73 - epoch 50[batch i:250][batch size:64][loss:0.01]
2024-06-18 09:50:57.754 | INFO     | __main__:train:73 - epoch 50[batch i:300][batch size:64][loss:0.01]
2024-06-18 09:50:58.065 | INFO     | __main__:train:77 - epoch 50 time:6.89s
2024-06-18 09:51:01.667 | WARNING  | __main__:evaluate:56 - [eval]Accuracy of the network on the 10000 test images: 75.01%
2024-06-18 09:51:01.672 | INFO     | __main__:<module>:119 - Finished Training
